<?xml version="1.0"?>
<component name="org.nuxeo.ecm.core.blob.TestMultiBlobProvider" version="1.0.0">

  <extension target="org.nuxeo.ecm.core.blob.BlobManager" point="configuration">
    
    <blobprovider name="RW">
      <class>org.nuxeo.ecm.core.blob.binary.DefaultBinaryManager</class>
      <property name="path">RWbinaries</property>
    </blobprovider>
    
    <blobprovider name="RO">
      <class>org.nuxeo.ecm.core.blob.binary.DefaultBinaryManager</class>
      <property name="path">RObinaries</property>
    </blobprovider>
    
    <blobprovider name="Multi">
      <class>org.nuxeo.ecm.core.RWRouterBlobManager</class>
      <property name="masterProviderId">RO</property>
      <property name="stagingProviderId">RW</property>      
    </blobprovider>
    
  </extension>
  
  
</component>
